<?xml version="1.0" encoding="UTF-8"?>
<!-- Generated by org.testng.reporters.JUnitReportReporter -->
<testsuite skipped="0" hostname="wilfred-PC" name="RestAssured.RestAssuredTest3" tests="1" failures="0" timestamp="2021-02-25T20:16:18 IST" time="6.021" errors="0">
  <testcase name="getRequest" time="6.021" classname="RestAssured.RestAssuredTest3"/>
  <system-out/>
</testsuite> <!-- RestAssured.RestAssuredTest3 -->
