<?xml version="1.0" encoding="UTF-8"?>
<!-- Generated by org.testng.reporters.JUnitReportReporter -->
<testsuite skipped="0" hostname="wilfred-PC" name="RestAssured.RestAssuredTest2" tests="1" failures="0" timestamp="2021-02-25T19:05:39 IST" time="9.683" errors="0">
  <testcase name="getRequest" time="9.683" classname="RestAssured.RestAssuredTest2"/>
  <system-out/>
</testsuite> <!-- RestAssured.RestAssuredTest2 -->
