<?xml version="1.0" encoding="UTF-8"?>
<!-- Generated by org.testng.reporters.JUnitReportReporter -->
<testsuite skipped="0" hostname="wilfred-PC" name="RestAssured.RestAssuredTest7" tests="1" failures="0" timestamp="2021-02-26T15:53:13 IST" time="8.496" errors="0">
  <testcase name="getRequest" time="8.496" classname="RestAssured.RestAssuredTest7"/>
  <system-out/>
</testsuite> <!-- RestAssured.RestAssuredTest7 -->
