<?xml version="1.0" encoding="UTF-8"?>
<!-- Generated by org.testng.reporters.JUnitReportReporter -->
<testsuite skipped="0" hostname="wilfred-PC" name="RestAssured.RestAssuredTest1" tests="1" failures="0" timestamp="2021-02-25T19:01:13 IST" time="10.820" errors="0">
  <testcase name="getRequest" time="10.820" classname="RestAssured.RestAssuredTest1"/>
  <system-out/>
</testsuite> <!-- RestAssured.RestAssuredTest1 -->
