<?xml version="1.0" encoding="UTF-8"?>
<!-- Generated by org.testng.reporters.JUnitReportReporter -->
<testsuite skipped="0" hostname="wilfred-PC" name="RestAssured.RestAssuredTest6" tests="1" failures="0" timestamp="2021-02-26T15:27:17 IST" time="8.843" errors="0">
  <testcase name="getRequest" time="8.843" classname="RestAssured.RestAssuredTest6"/>
  <system-out/>
</testsuite> <!-- RestAssured.RestAssuredTest6 -->
